[0m18:20:46.865168 [debug] [MainThread]: Sending event: {'category': 'dbt', 'action': 'invocation', 'label': 'start', 'context': [<snowplow_tracker.self_describing_json.SelfDescribingJson object at 0x7fc936927a10>, <snowplow_tracker.self_describing_json.SelfDescribingJson object at 0x7fc936513c10>, <snowplow_tracker.self_describing_json.SelfDescribingJson object at 0x7fc936c030d0>]}


============================== 18:20:46.873685 | 8581d2db-31ef-4378-ad41-d135d204f990 ==============================
[0m18:20:46.873685 [info ] [MainThread]: Running with dbt=1.7.2
[0m18:20:46.876386 [debug] [MainThread]: running dbt with arguments {'warn_error': 'None', 'use_colors': 'True', 'version_check': 'True', 'introspect': 'True', 'invocation_command': 'dbt ls --output json --select path:models/transform --profiles-dir /usr/local/airflow/include/dbt --profile uniswap_v3_positions --target dev', 'write_json': 'True', 'partial_parse': 'True', 'no_print': 'None', 'debug': 'False', 'log_path': '/usr/local/airflow/include/dbt/logs', 'warn_error_options': 'WarnErrorOptions(include=[], exclude=[])', 'target_path': 'None', 'send_anonymous_usage_stats': 'True', 'profiles_dir': '/usr/local/airflow/include/dbt', 'log_format': 'default', 'quiet': 'False', 'static_parser': 'True', 'cache_selected_only': 'False', 'log_cache_events': 'False', 'printer_width': '80', 'indirect_selection': 'eager', 'use_experimental_parser': 'False', 'fail_fast': 'False'}
[0m18:20:48.576215 [debug] [MainThread]: Sending event: {'category': 'dbt', 'action': 'project_id', 'label': '8581d2db-31ef-4378-ad41-d135d204f990', 'context': [<snowplow_tracker.self_describing_json.SelfDescribingJson object at 0x7fc91e5d5c50>]}
[0m18:20:48.715322 [debug] [MainThread]: Sending event: {'category': 'dbt', 'action': 'adapter_info', 'label': '8581d2db-31ef-4378-ad41-d135d204f990', 'context': [<snowplow_tracker.self_describing_json.SelfDescribingJson object at 0x7fc93650bb50>]}
[0m18:20:48.717993 [info ] [MainThread]: Registered adapter: bigquery=1.7.2
[0m18:20:48.782900 [debug] [MainThread]: checksum: 1147704354cad135dccbd8423dc6642389912ee4ced5a05840f3004c2ee0921a, vars: {}, profile: uniswap_v3_positions, target: dev, version: 1.7.2
[0m18:20:50.660803 [debug] [MainThread]: Partial parsing enabled: 0 files deleted, 0 files added, 0 files changed.
[0m18:20:50.663071 [debug] [MainThread]: Partial parsing enabled, no changes found, skipping parsing
[0m18:20:50.681776 [debug] [MainThread]: Sending event: {'category': 'dbt', 'action': 'load_project', 'label': '8581d2db-31ef-4378-ad41-d135d204f990', 'context': [<snowplow_tracker.self_describing_json.SelfDescribingJson object at 0x7fc91e5f6550>]}
[0m18:20:50.892269 [debug] [MainThread]: Sending event: {'category': 'dbt', 'action': 'resource_counts', 'label': '8581d2db-31ef-4378-ad41-d135d204f990', 'context': [<snowplow_tracker.self_describing_json.SelfDescribingJson object at 0x7fc91e795f90>]}
[0m18:20:50.895538 [info ] [MainThread]: Found 7 models, 5 sources, 0 exposures, 0 metrics, 561 macros, 0 groups, 0 semantic models
[0m18:20:50.898179 [debug] [MainThread]: Sending event: {'category': 'dbt', 'action': 'runnable_timing', 'label': '8581d2db-31ef-4378-ad41-d135d204f990', 'context': [<snowplow_tracker.self_describing_json.SelfDescribingJson object at 0x7fc93a590d10>]}
[0m18:20:50.908343 [debug] [MainThread]: Resource report: {"command_name": "list", "command_success": true, "command_wall_clock_time": 4.141778, "process_user_time": 5.821174, "process_kernel_time": 0.966873, "process_mem_max_rss": "284132", "process_in_blocks": "0", "process_out_blocks": "0"}
[0m18:20:50.910730 [debug] [MainThread]: Command `dbt ls` succeeded at 18:20:50.910364 after 4.14 seconds
[0m18:20:50.912648 [debug] [MainThread]: Sending event: {'category': 'dbt', 'action': 'invocation', 'label': 'end', 'context': [<snowplow_tracker.self_describing_json.SelfDescribingJson object at 0x7fc936a4c0d0>, <snowplow_tracker.self_describing_json.SelfDescribingJson object at 0x7fc9377f1750>, <snowplow_tracker.self_describing_json.SelfDescribingJson object at 0x7fc93b710f90>]}
[0m18:20:50.914491 [debug] [MainThread]: Flushing usage events
[0m18:20:58.926820 [debug] [MainThread]: Error sending anonymous usage statistics. Disabling tracking for this execution. If you wish to permanently disable tracking, see: https://docs.getdbt.com/reference/global-configs#send-anonymous-usage-stats.
[0m18:21:36.081135 [debug] [MainThread]: Sending event: {'category': 'dbt', 'action': 'invocation', 'label': 'start', 'context': [<snowplow_tracker.self_describing_json.SelfDescribingJson object at 0x7fc97d54a250>, <snowplow_tracker.self_describing_json.SelfDescribingJson object at 0x7fc97dc43690>, <snowplow_tracker.self_describing_json.SelfDescribingJson object at 0x7fc97da1c3d0>]}


============================== 18:21:36.089892 | 629bec04-bbc5-4eaf-89bc-e698b143e93e ==============================
[0m18:21:36.089892 [info ] [MainThread]: Running with dbt=1.7.2
[0m18:21:36.092507 [debug] [MainThread]: running dbt with arguments {'partial_parse': 'True', 'introspect': 'True', 'no_print': 'None', 'printer_width': '80', 'static_parser': 'True', 'warn_error_options': 'WarnErrorOptions(include=[], exclude=[])', 'cache_selected_only': 'False', 'invocation_command': 'dbt ls --output json --select path:models/transform --profiles-dir /usr/local/airflow/include/dbt --profile uniswap_v3_positions --target dev', 'fail_fast': 'False', 'indirect_selection': 'eager', 'log_format': 'default', 'use_colors': 'True', 'log_cache_events': 'False', 'use_experimental_parser': 'False', 'profiles_dir': '/usr/local/airflow/include/dbt', 'write_json': 'True', 'warn_error': 'None', 'send_anonymous_usage_stats': 'True', 'log_path': '/usr/local/airflow/include/dbt/logs', 'quiet': 'False', 'target_path': 'None', 'debug': 'False', 'version_check': 'True'}
[0m18:21:37.709099 [debug] [MainThread]: Sending event: {'category': 'dbt', 'action': 'project_id', 'label': '629bec04-bbc5-4eaf-89bc-e698b143e93e', 'context': [<snowplow_tracker.self_describing_json.SelfDescribingJson object at 0x7fc965821290>]}
[0m18:21:37.843526 [debug] [MainThread]: Sending event: {'category': 'dbt', 'action': 'adapter_info', 'label': '629bec04-bbc5-4eaf-89bc-e698b143e93e', 'context': [<snowplow_tracker.self_describing_json.SelfDescribingJson object at 0x7fc97d554610>]}
[0m18:21:37.846330 [info ] [MainThread]: Registered adapter: bigquery=1.7.2
[0m18:21:37.910029 [debug] [MainThread]: checksum: 1147704354cad135dccbd8423dc6642389912ee4ced5a05840f3004c2ee0921a, vars: {}, profile: uniswap_v3_positions, target: dev, version: 1.7.2
[0m18:21:39.779683 [debug] [MainThread]: Partial parsing enabled: 0 files deleted, 0 files added, 0 files changed.
[0m18:21:39.781272 [debug] [MainThread]: Partial parsing enabled, no changes found, skipping parsing
[0m18:21:39.793548 [debug] [MainThread]: Sending event: {'category': 'dbt', 'action': 'load_project', 'label': '629bec04-bbc5-4eaf-89bc-e698b143e93e', 'context': [<snowplow_tracker.self_describing_json.SelfDescribingJson object at 0x7fc9655e02d0>]}
[0m18:21:39.962123 [debug] [MainThread]: Sending event: {'category': 'dbt', 'action': 'resource_counts', 'label': '629bec04-bbc5-4eaf-89bc-e698b143e93e', 'context': [<snowplow_tracker.self_describing_json.SelfDescribingJson object at 0x7fc966491290>]}
[0m18:21:39.964618 [info ] [MainThread]: Found 7 models, 5 sources, 0 exposures, 0 metrics, 561 macros, 0 groups, 0 semantic models
[0m18:21:39.966957 [debug] [MainThread]: Sending event: {'category': 'dbt', 'action': 'runnable_timing', 'label': '629bec04-bbc5-4eaf-89bc-e698b143e93e', 'context': [<snowplow_tracker.self_describing_json.SelfDescribingJson object at 0x7fc9656b1a50>]}
[0m18:21:39.975744 [debug] [MainThread]: Resource report: {"command_name": "list", "command_success": true, "command_wall_clock_time": 3.98952, "process_user_time": 5.802515, "process_kernel_time": 0.996995, "process_mem_max_rss": "284136", "process_in_blocks": "0", "process_out_blocks": "0"}
[0m18:21:39.978591 [debug] [MainThread]: Command `dbt ls` succeeded at 18:21:39.978252 after 3.99 seconds
[0m18:21:39.981190 [debug] [MainThread]: Sending event: {'category': 'dbt', 'action': 'invocation', 'label': 'end', 'context': [<snowplow_tracker.self_describing_json.SelfDescribingJson object at 0x7fc97dd36e90>, <snowplow_tracker.self_describing_json.SelfDescribingJson object at 0x7fc97d6fe750>, <snowplow_tracker.self_describing_json.SelfDescribingJson object at 0x7fc97da0fc10>]}
[0m18:21:39.984258 [debug] [MainThread]: Flushing usage events
[0m18:21:47.996972 [debug] [MainThread]: Error sending anonymous usage statistics. Disabling tracking for this execution. If you wish to permanently disable tracking, see: https://docs.getdbt.com/reference/global-configs#send-anonymous-usage-stats.
[0m18:22:25.603230 [debug] [MainThread]: Sending event: {'category': 'dbt', 'action': 'invocation', 'label': 'start', 'context': [<snowplow_tracker.self_describing_json.SelfDescribingJson object at 0x7f08857a5050>, <snowplow_tracker.self_describing_json.SelfDescribingJson object at 0x7f0885b09b90>, <snowplow_tracker.self_describing_json.SelfDescribingJson object at 0x7f0885a45ad0>]}


============================== 18:22:25.611350 | d2415ccb-39b4-4c38-b515-474042375751 ==============================
[0m18:22:25.611350 [info ] [MainThread]: Running with dbt=1.7.2
[0m18:22:25.613658 [debug] [MainThread]: running dbt with arguments {'printer_width': '80', 'use_experimental_parser': 'False', 'warn_error': 'None', 'quiet': 'False', 'no_print': 'None', 'static_parser': 'True', 'fail_fast': 'False', 'write_json': 'True', 'partial_parse': 'True', 'indirect_selection': 'eager', 'use_colors': 'True', 'invocation_command': 'dbt ls --output json --select path:models/transform --profiles-dir /usr/local/airflow/include/dbt --profile uniswap_v3_positions --target dev', 'warn_error_options': 'WarnErrorOptions(include=[], exclude=[])', 'log_format': 'default', 'log_cache_events': 'False', 'log_path': '/usr/local/airflow/include/dbt/logs', 'profiles_dir': '/usr/local/airflow/include/dbt', 'cache_selected_only': 'False', 'debug': 'False', 'introspect': 'True', 'send_anonymous_usage_stats': 'True', 'version_check': 'True', 'target_path': 'None'}
[0m18:22:27.408871 [debug] [MainThread]: Sending event: {'category': 'dbt', 'action': 'project_id', 'label': 'd2415ccb-39b4-4c38-b515-474042375751', 'context': [<snowplow_tracker.self_describing_json.SelfDescribingJson object at 0x7f086da09d90>]}
[0m18:22:27.637086 [debug] [MainThread]: Sending event: {'category': 'dbt', 'action': 'adapter_info', 'label': 'd2415ccb-39b4-4c38-b515-474042375751', 'context': [<snowplow_tracker.self_describing_json.SelfDescribingJson object at 0x7f08865fbd90>]}
[0m18:22:27.639526 [info ] [MainThread]: Registered adapter: bigquery=1.7.2
[0m18:22:27.701489 [debug] [MainThread]: checksum: 1147704354cad135dccbd8423dc6642389912ee4ced5a05840f3004c2ee0921a, vars: {}, profile: uniswap_v3_positions, target: dev, version: 1.7.2
[0m18:22:29.505409 [debug] [MainThread]: Partial parsing enabled: 0 files deleted, 0 files added, 0 files changed.
[0m18:22:29.507524 [debug] [MainThread]: Partial parsing enabled, no changes found, skipping parsing
[0m18:22:29.524267 [debug] [MainThread]: Sending event: {'category': 'dbt', 'action': 'load_project', 'label': 'd2415ccb-39b4-4c38-b515-474042375751', 'context': [<snowplow_tracker.self_describing_json.SelfDescribingJson object at 0x7f086ea2e210>]}
[0m18:22:29.711583 [debug] [MainThread]: Sending event: {'category': 'dbt', 'action': 'resource_counts', 'label': 'd2415ccb-39b4-4c38-b515-474042375751', 'context': [<snowplow_tracker.self_describing_json.SelfDescribingJson object at 0x7f086e371910>]}
[0m18:22:29.714668 [info ] [MainThread]: Found 7 models, 5 sources, 0 exposures, 0 metrics, 561 macros, 0 groups, 0 semantic models
[0m18:22:29.717898 [debug] [MainThread]: Sending event: {'category': 'dbt', 'action': 'runnable_timing', 'label': 'd2415ccb-39b4-4c38-b515-474042375751', 'context': [<snowplow_tracker.self_describing_json.SelfDescribingJson object at 0x7f08898911d0>]}
[0m18:22:29.728378 [debug] [MainThread]: Resource report: {"command_name": "list", "command_success": true, "command_wall_clock_time": 4.215685, "process_user_time": 6.25487, "process_kernel_time": 1.11513, "process_mem_max_rss": "284144", "process_in_blocks": "0", "process_out_blocks": "0"}
[0m18:22:29.732584 [debug] [MainThread]: Command `dbt ls` succeeded at 18:22:29.732258 after 4.22 seconds
[0m18:22:29.734775 [debug] [MainThread]: Sending event: {'category': 'dbt', 'action': 'invocation', 'label': 'end', 'context': [<snowplow_tracker.self_describing_json.SelfDescribingJson object at 0x7f0885daa350>, <snowplow_tracker.self_describing_json.SelfDescribingJson object at 0x7f0885795b50>, <snowplow_tracker.self_describing_json.SelfDescribingJson object at 0x7f0885aa7c90>]}
[0m18:22:29.737197 [debug] [MainThread]: Flushing usage events
[0m18:23:10.570651 [debug] [MainThread]: Sending event: {'category': 'dbt', 'action': 'invocation', 'label': 'start', 'context': [<snowplow_tracker.self_describing_json.SelfDescribingJson object at 0x7fc0dbd9ad10>, <snowplow_tracker.self_describing_json.SelfDescribingJson object at 0x7fc0db84f0d0>, <snowplow_tracker.self_describing_json.SelfDescribingJson object at 0x7fc0dbab0c10>]}


============================== 18:23:10.580292 | 770572c1-6ed6-4712-a2c3-c2bf3de7b04d ==============================
[0m18:23:10.580292 [info ] [MainThread]: Running with dbt=1.7.2
[0m18:23:10.583246 [debug] [MainThread]: running dbt with arguments {'debug': 'False', 'warn_error': 'None', 'static_parser': 'True', 'use_colors': 'True', 'no_print': 'None', 'version_check': 'True', 'log_path': '/usr/local/airflow/include/dbt/logs', 'log_cache_events': 'False', 'send_anonymous_usage_stats': 'True', 'quiet': 'False', 'introspect': 'True', 'invocation_command': 'dbt ls --output json --select path:models/transform --profiles-dir /usr/local/airflow/include/dbt --profile uniswap_v3_positions --target dev', 'printer_width': '80', 'target_path': 'None', 'fail_fast': 'False', 'cache_selected_only': 'False', 'partial_parse': 'True', 'warn_error_options': 'WarnErrorOptions(include=[], exclude=[])', 'indirect_selection': 'eager', 'log_format': 'default', 'use_experimental_parser': 'False', 'write_json': 'True', 'profiles_dir': '/usr/local/airflow/include/dbt'}
[0m18:23:12.284170 [debug] [MainThread]: Sending event: {'category': 'dbt', 'action': 'project_id', 'label': '770572c1-6ed6-4712-a2c3-c2bf3de7b04d', 'context': [<snowplow_tracker.self_describing_json.SelfDescribingJson object at 0x7fc0c383e9d0>]}
[0m18:23:12.448607 [debug] [MainThread]: Sending event: {'category': 'dbt', 'action': 'adapter_info', 'label': '770572c1-6ed6-4712-a2c3-c2bf3de7b04d', 'context': [<snowplow_tracker.self_describing_json.SelfDescribingJson object at 0x7fc0db83f010>]}
[0m18:23:12.455009 [info ] [MainThread]: Registered adapter: bigquery=1.7.2
[0m18:23:12.520139 [debug] [MainThread]: checksum: 1147704354cad135dccbd8423dc6642389912ee4ced5a05840f3004c2ee0921a, vars: {}, profile: uniswap_v3_positions, target: dev, version: 1.7.2
[0m18:23:14.173299 [debug] [MainThread]: Partial parsing enabled: 0 files deleted, 0 files added, 0 files changed.
[0m18:23:14.174978 [debug] [MainThread]: Partial parsing enabled, no changes found, skipping parsing
[0m18:23:14.186083 [debug] [MainThread]: Sending event: {'category': 'dbt', 'action': 'load_project', 'label': '770572c1-6ed6-4712-a2c3-c2bf3de7b04d', 'context': [<snowplow_tracker.self_describing_json.SelfDescribingJson object at 0x7fc0c36a1d10>]}
[0m18:23:14.353571 [debug] [MainThread]: Sending event: {'category': 'dbt', 'action': 'resource_counts', 'label': '770572c1-6ed6-4712-a2c3-c2bf3de7b04d', 'context': [<snowplow_tracker.self_describing_json.SelfDescribingJson object at 0x7fc0c3a02010>]}
[0m18:23:14.357324 [info ] [MainThread]: Found 7 models, 5 sources, 0 exposures, 0 metrics, 561 macros, 0 groups, 0 semantic models
[0m18:23:14.359977 [debug] [MainThread]: Sending event: {'category': 'dbt', 'action': 'runnable_timing', 'label': '770572c1-6ed6-4712-a2c3-c2bf3de7b04d', 'context': [<snowplow_tracker.self_describing_json.SelfDescribingJson object at 0x7fc0c38d1050>]}
[0m18:23:14.369156 [debug] [MainThread]: Resource report: {"command_name": "list", "command_success": true, "command_wall_clock_time": 3.8959386, "process_user_time": 5.583702, "process_kernel_time": 0.977651, "process_mem_max_rss": "284124", "process_in_blocks": "0", "process_out_blocks": "0"}
[0m18:23:14.372487 [debug] [MainThread]: Command `dbt ls` succeeded at 18:23:14.371999 after 3.90 seconds
[0m18:23:14.375122 [debug] [MainThread]: Sending event: {'category': 'dbt', 'action': 'invocation', 'label': 'end', 'context': [<snowplow_tracker.self_describing_json.SelfDescribingJson object at 0x7fc0dbdb0b50>, <snowplow_tracker.self_describing_json.SelfDescribingJson object at 0x7fc0dc9517d0>, <snowplow_tracker.self_describing_json.SelfDescribingJson object at 0x7fc0e0b9b410>]}
[0m18:23:14.377686 [debug] [MainThread]: Flushing usage events
